{
  "task_name": "ds1000",
  "model_name": "meta-llama/Llama-3.1-8B-Instruct",
  "evaluator_name": "docker_code",
  "num_pairs": 1,
  "all_correct": true,
  "pairs": [
    {
      "pair_id": 0,
      "prompt": "Question: Problem:\nI have the following DataFrame:\n    Col1  Col2  Col3  Type\n0      1     2     3  ...",
      "positive_response": "def g(df, List):\n    return df.iloc[List]\n\nresult = g(df.copy(), List)",
      "negative_response": "def g(df, List):\n    return df.iloc# CORRUPTED[List]\n\nresult = g(df.copy(), List)",
      "positive_evaluation": {
        "ground_truth": "TRUTHFUL",
        "confidence": 1.0,
        "expected": "TRUTHFUL",
        "correct": true,
        "details": "Code executed successfully. Status: ok"
      },
      "negative_evaluation": {
        "ground_truth": "UNTRUTHFUL",
        "confidence": 1.0,
        "expected": "UNTRUTHFUL",
        "correct": true,
        "details": "Code execution failed. Status: runtime_error\nstdout: test_execution failed: \n\nstderr: Traceback (most recent call last):\n  File \"/work/tests.py\", line 63, in <module>\n    test_execution(solution_code)\n  File \"/work/tests.py\", line 58, in test_execution\n    assert exec_test(test_env[\"result\"], expected_result)\n           ^^^^^^^^^^^^^^^^^^^^^^^^^^^^^^^^^^^^^^^^^^^^^^\nAssertionError\n"
      },
      "both_correct": true
    }
  ]
}